[2026-04-06T14:50:16.716+0000] {manager.py:470} INFO - Processing files using up to 2 processes at a time 
[2026-04-06T14:50:16.718+0000] {manager.py:471} INFO - Process each file at most once every 30 seconds
[2026-04-06T14:50:16.720+0000] {manager.py:472} INFO - Checking for new files in /opt/airflow/dags every 300 seconds
[2026-04-06T14:50:16.722+0000] {manager.py:737} INFO - Searching for files in /opt/airflow/dags
[2026-04-06T14:50:16.730+0000] {manager.py:740} INFO - There are 0 files in /opt/airflow/dags
[2026-04-06T14:55:16.862+0000] {manager.py:737} INFO - Searching for files in /opt/airflow/dags
[2026-04-06T14:55:16.875+0000] {manager.py:740} INFO - There are 0 files in /opt/airflow/dags
[2026-04-06T15:00:17.299+0000] {manager.py:737} INFO - Searching for files in /opt/airflow/dags
[2026-04-06T15:00:17.310+0000] {manager.py:740} INFO - There are 0 files in /opt/airflow/dags
[2026-04-06T15:05:17.962+0000] {manager.py:737} INFO - Searching for files in /opt/airflow/dags
[2026-04-06T15:05:17.976+0000] {manager.py:740} INFO - There are 0 files in /opt/airflow/dags
[2026-04-06T15:10:18.810+0000] {manager.py:737} INFO - Searching for files in /opt/airflow/dags
[2026-04-06T15:10:18.820+0000] {manager.py:740} INFO - There are 0 files in /opt/airflow/dags
[2026-04-06T15:15:18.952+0000] {manager.py:737} INFO - Searching for files in /opt/airflow/dags
[2026-04-06T15:15:18.966+0000] {manager.py:740} INFO - There are 0 files in /opt/airflow/dags
[2026-04-06T15:20:19.827+0000] {manager.py:737} INFO - Searching for files in /opt/airflow/dags
[2026-04-06T15:20:19.838+0000] {manager.py:740} INFO - There are 0 files in /opt/airflow/dags
[2026-04-06T15:25:20.648+0000] {manager.py:737} INFO - Searching for files in /opt/airflow/dags
[2026-04-06T15:25:20.658+0000] {manager.py:740} INFO - There are 0 files in /opt/airflow/dags
[2026-04-06T15:30:20.869+0000] {manager.py:737} INFO - Searching for files in /opt/airflow/dags
[2026-04-06T15:30:20.882+0000] {manager.py:740} INFO - There are 0 files in /opt/airflow/dags
[2026-04-06T15:35:21.214+0000] {manager.py:737} INFO - Searching for files in /opt/airflow/dags
[2026-04-06T15:35:21.227+0000] {manager.py:740} INFO - There are 0 files in /opt/airflow/dags
[2026-04-06T15:40:24.467+0000] {manager.py:737} INFO - Searching for files in /opt/airflow/dags
[2026-04-06T15:40:24.476+0000] {manager.py:740} INFO - There are 0 files in /opt/airflow/dags
[2026-04-06T15:45:24.610+0000] {manager.py:737} INFO - Searching for files in /opt/airflow/dags
[2026-04-06T15:45:24.619+0000] {manager.py:740} INFO - There are 0 files in /opt/airflow/dags
[2026-04-06T15:50:24.947+0000] {manager.py:737} INFO - Searching for files in /opt/airflow/dags
[2026-04-06T15:50:24.967+0000] {manager.py:740} INFO - There are 0 files in /opt/airflow/dags
[2026-04-06T15:55:25.205+0000] {manager.py:737} INFO - Searching for files in /opt/airflow/dags
[2026-04-06T15:55:25.217+0000] {manager.py:740} INFO - There are 0 files in /opt/airflow/dags
[2026-04-06T16:00:25.783+0000] {manager.py:737} INFO - Searching for files in /opt/airflow/dags
[2026-04-06T16:00:25.795+0000] {manager.py:740} INFO - There are 0 files in /opt/airflow/dags
[2026-04-06T16:05:26.117+0000] {manager.py:737} INFO - Searching for files in /opt/airflow/dags
[2026-04-06T16:05:26.130+0000] {manager.py:740} INFO - There are 0 files in /opt/airflow/dags
[2026-04-06T16:10:26.407+0000] {manager.py:737} INFO - Searching for files in /opt/airflow/dags
[2026-04-06T16:10:26.417+0000] {manager.py:740} INFO - There are 0 files in /opt/airflow/dags
[2026-04-06T16:15:26.702+0000] {manager.py:737} INFO - Searching for files in /opt/airflow/dags
[2026-04-06T16:15:26.713+0000] {manager.py:740} INFO - There are 0 files in /opt/airflow/dags
[2026-04-06T16:20:27.710+0000] {manager.py:737} INFO - Searching for files in /opt/airflow/dags
[2026-04-06T16:20:27.720+0000] {manager.py:740} INFO - There are 0 files in /opt/airflow/dags
[2026-04-06T16:25:27.742+0000] {manager.py:737} INFO - Searching for files in /opt/airflow/dags
[2026-04-06T16:25:27.753+0000] {manager.py:740} INFO - There are 0 files in /opt/airflow/dags
[2026-04-06T16:30:27.991+0000] {manager.py:737} INFO - Searching for files in /opt/airflow/dags
[2026-04-06T16:30:28.003+0000] {manager.py:740} INFO - There are 0 files in /opt/airflow/dags
[2026-04-06T16:35:28.784+0000] {manager.py:737} INFO - Searching for files in /opt/airflow/dags
[2026-04-06T16:35:28.797+0000] {manager.py:740} INFO - There are 0 files in /opt/airflow/dags
[2026-04-06T16:40:29.505+0000] {manager.py:737} INFO - Searching for files in /opt/airflow/dags
[2026-04-06T16:40:29.519+0000] {manager.py:740} INFO - There are 0 files in /opt/airflow/dags
[2026-04-06T16:45:29.728+0000] {manager.py:737} INFO - Searching for files in /opt/airflow/dags
[2026-04-06T16:45:29.738+0000] {manager.py:740} INFO - There are 0 files in /opt/airflow/dags
[2026-04-06T16:50:29.810+0000] {manager.py:737} INFO - Searching for files in /opt/airflow/dags
[2026-04-06T16:50:29.824+0000] {manager.py:740} INFO - There are 0 files in /opt/airflow/dags
[2026-04-06T16:55:29.812+0000] {manager.py:737} INFO - Searching for files in /opt/airflow/dags
[2026-04-06T16:55:29.826+0000] {manager.py:740} INFO - There are 0 files in /opt/airflow/dags
[2026-04-06T17:00:30.761+0000] {manager.py:737} INFO - Searching for files in /opt/airflow/dags
[2026-04-06T17:00:30.771+0000] {manager.py:740} INFO - There are 0 files in /opt/airflow/dags
[2026-04-06T17:05:30.852+0000] {manager.py:737} INFO - Searching for files in /opt/airflow/dags
[2026-04-06T17:05:30.861+0000] {manager.py:740} INFO - There are 0 files in /opt/airflow/dags
[2026-04-06T17:10:31.810+0000] {manager.py:737} INFO - Searching for files in /opt/airflow/dags
[2026-04-06T17:10:31.823+0000] {manager.py:740} INFO - There are 0 files in /opt/airflow/dags
[2026-04-06T17:15:32.747+0000] {manager.py:737} INFO - Searching for files in /opt/airflow/dags
[2026-04-06T17:15:32.756+0000] {manager.py:740} INFO - There are 0 files in /opt/airflow/dags
[2026-04-06T17:20:32.777+0000] {manager.py:737} INFO - Searching for files in /opt/airflow/dags
[2026-04-06T17:20:32.786+0000] {manager.py:740} INFO - There are 0 files in /opt/airflow/dags
[2026-04-06T17:25:33.747+0000] {manager.py:737} INFO - Searching for files in /opt/airflow/dags
[2026-04-06T17:25:33.758+0000] {manager.py:740} INFO - There are 0 files in /opt/airflow/dags
[2026-04-06T17:30:34.691+0000] {manager.py:737} INFO - Searching for files in /opt/airflow/dags
[2026-04-06T17:30:34.699+0000] {manager.py:740} INFO - There are 0 files in /opt/airflow/dags
[2026-04-06T17:35:35.681+0000] {manager.py:737} INFO - Searching for files in /opt/airflow/dags
[2026-04-06T17:35:35.692+0000] {manager.py:740} INFO - There are 0 files in /opt/airflow/dags
[2026-04-06T17:40:36.682+0000] {manager.py:737} INFO - Searching for files in /opt/airflow/dags
[2026-04-06T17:40:36.692+0000] {manager.py:740} INFO - There are 0 files in /opt/airflow/dags
[2026-04-06T17:45:37.613+0000] {manager.py:737} INFO - Searching for files in /opt/airflow/dags
[2026-04-06T17:45:37.621+0000] {manager.py:740} INFO - There are 0 files in /opt/airflow/dags
[2026-04-06T17:50:38.536+0000] {manager.py:737} INFO - Searching for files in /opt/airflow/dags
[2026-04-06T17:50:38.548+0000] {manager.py:740} INFO - There are 0 files in /opt/airflow/dags
[2026-04-06T17:55:39.450+0000] {manager.py:737} INFO - Searching for files in /opt/airflow/dags
[2026-04-06T17:55:39.461+0000] {manager.py:740} INFO - There are 0 files in /opt/airflow/dags
[2026-04-06T18:00:39.762+0000] {manager.py:737} INFO - Searching for files in /opt/airflow/dags
[2026-04-06T18:00:39.767+0000] {manager.py:740} INFO - There are 0 files in /opt/airflow/dags
[2026-04-06T18:05:39.853+0000] {manager.py:737} INFO - Searching for files in /opt/airflow/dags
[2026-04-06T18:05:39.861+0000] {manager.py:740} INFO - There are 0 files in /opt/airflow/dags
[2026-04-06T18:10:40.628+0000] {manager.py:737} INFO - Searching for files in /opt/airflow/dags
[2026-04-06T18:10:40.633+0000] {manager.py:740} INFO - There are 0 files in /opt/airflow/dags
[2026-04-06T18:15:40.870+0000] {manager.py:737} INFO - Searching for files in /opt/airflow/dags
[2026-04-06T18:15:40.875+0000] {manager.py:740} INFO - There are 0 files in /opt/airflow/dags
[2026-04-06T18:20:41.747+0000] {manager.py:737} INFO - Searching for files in /opt/airflow/dags
[2026-04-06T18:20:41.752+0000] {manager.py:740} INFO - There are 0 files in /opt/airflow/dags
[2026-04-06T18:25:42.592+0000] {manager.py:737} INFO - Searching for files in /opt/airflow/dags
[2026-04-06T18:25:42.596+0000] {manager.py:740} INFO - There are 0 files in /opt/airflow/dags
[2026-04-06T18:30:42.655+0000] {manager.py:737} INFO - Searching for files in /opt/airflow/dags
[2026-04-06T18:30:42.662+0000] {manager.py:740} INFO - There are 0 files in /opt/airflow/dags
[2026-04-06T18:35:42.657+0000] {manager.py:737} INFO - Searching for files in /opt/airflow/dags
[2026-04-06T18:35:42.663+0000] {manager.py:740} INFO - There are 0 files in /opt/airflow/dags
[2026-04-06T18:40:42.727+0000] {manager.py:737} INFO - Searching for files in /opt/airflow/dags
[2026-04-06T18:40:42.733+0000] {manager.py:740} INFO - There are 0 files in /opt/airflow/dags
[2026-04-06T18:45:42.957+0000] {manager.py:737} INFO - Searching for files in /opt/airflow/dags
[2026-04-06T18:45:42.963+0000] {manager.py:740} INFO - There are 0 files in /opt/airflow/dags
[2026-04-06T18:50:43.364+0000] {manager.py:737} INFO - Searching for files in /opt/airflow/dags
[2026-04-06T18:50:43.370+0000] {manager.py:740} INFO - There are 0 files in /opt/airflow/dags
[2026-04-06T18:55:43.513+0000] {manager.py:737} INFO - Searching for files in /opt/airflow/dags
[2026-04-06T18:55:43.516+0000] {manager.py:740} INFO - There are 0 files in /opt/airflow/dags
[2026-04-06T19:00:43.582+0000] {manager.py:737} INFO - Searching for files in /opt/airflow/dags
[2026-04-06T19:00:43.587+0000] {manager.py:740} INFO - There are 0 files in /opt/airflow/dags
[2026-04-06T19:05:44.236+0000] {manager.py:737} INFO - Searching for files in /opt/airflow/dags
[2026-04-06T19:05:44.242+0000] {manager.py:740} INFO - There are 0 files in /opt/airflow/dags
[2026-04-06T21:00:24.148+0000] {manager.py:737} INFO - Searching for files in /opt/airflow/dags
[2026-04-06T21:00:24.154+0000] {manager.py:740} INFO - There are 0 files in /opt/airflow/dags
[2026-04-06T21:05:31.896+0000] {manager.py:737} INFO - Searching for files in /opt/airflow/dags
[2026-04-06T21:05:31.904+0000] {manager.py:740} INFO - There are 0 files in /opt/airflow/dags
[2026-04-06T21:05:49.986+0000] {manager.py:452} INFO - Exiting gracefully upon receiving signal 15
